[01m[K/home/saleheen_linux/others/ros_2_Learning/ros2_ws_cpp/src/warehouse_rover_ros2/src/autonomous_driving.cpp:[m[K In constructor â€˜[01m[KAutonmousDrivingNode::AutonmousDrivingNode()[m[Kâ€™:
[01m[K/home/saleheen_linux/others/ros_2_Learning/ros2_ws_cpp/src/warehouse_rover_ros2/src/autonomous_driving.cpp:23:12:[m[K [01;35m[Kwarning: [m[Kunused variable â€˜[01m[Kmid_pt_error[m[Kâ€™ [[01;35m[K]8;;https://gcc.gnu.org/onlinedocs/gcc/Warning-Options.html#index-Wunused-variable-Wunused-variable]8;;[m[K]
   23 |     double [01;35m[Kmid_pt_error[m[K = 0.0;
      |            [01;35m[K^~~~~~~~~~~~[m[K
[01m[K/home/saleheen_linux/others/ros_2_Learning/ros2_ws_cpp/src/warehouse_rover_ros2/src/autonomous_driving.cpp:[m[K In member function â€˜[01m[Kvoid AutonmousDrivingNode::image_process_callback(sensor_msgs::msg::Image_<std::allocator<void> >::SharedPtr)[m[Kâ€™:
[01m[K/home/saleheen_linux/others/ros_2_Learning/ros2_ws_cpp/src/warehouse_rover_ros2/src/autonomous_driving.cpp:63:25:[m[K [01;31m[Kerror: [m[Kredeclaration of â€˜[01m[Knc::NdArray<double> edge[m[Kâ€™
   63 |     nc::NdArray<double> [01;31m[Kedge[m[K= {};
      |                         [01;31m[K^~~~[m[K
[01m[K/home/saleheen_linux/others/ros_2_Learning/ros2_ws_cpp/src/warehouse_rover_ros2/src/autonomous_driving.cpp:37:25:[m[K [01;36m[Knote: [m[Kâ€˜[01m[Knc::NdArray<double> edge[m[Kâ€™ previously declared here
   37 |     nc::NdArray<double> [01;36m[Kedge[m[K;
      |                         [01;36m[K^~~~[m[K
gmake[2]: *** [CMakeFiles/autonomous_driving_node.dir/build.make:76: CMakeFiles/autonomous_driving_node.dir/src/autonomous_driving.cpp.o] Error 1
gmake[1]: *** [CMakeFiles/Makefile2:165: CMakeFiles/autonomous_driving_node.dir/all] Error 2
gmake: *** [Makefile:146: all] Error 2
