[35m[1mConsolidate compiler generated dependencies of target obs_avoidance_node[0m
[ 33%] Built target follow_wall_node
[ 66%] Built target linear_velocity_publisher
[ 83%] [32mBuilding CXX object CMakeFiles/obs_avoidance_node.dir/src/obs_avoidance_cpp.cpp.o[0m
In file included from [01m[K/opt/ros/humble/include/rclcpp/rclcpp/logging.hpp:24[m[K,
                 from [01m[K/opt/ros/humble/include/rclcpp/rclcpp/client.hpp:40[m[K,
                 from [01m[K/opt/ros/humble/include/rclcpp/rclcpp/callback_group.hpp:24[m[K,
                 from [01m[K/opt/ros/humble/include/rclcpp/rclcpp/any_executable.hpp:20[m[K,
                 from [01m[K/opt/ros/humble/include/rclcpp/rclcpp/memory_strategy.hpp:25[m[K,
                 from [01m[K/opt/ros/humble/include/rclcpp/rclcpp/memory_strategies.hpp:18[m[K,
                 from [01m[K/opt/ros/humble/include/rclcpp/rclcpp/executor_options.hpp:20[m[K,
                 from [01m[K/opt/ros/humble/include/rclcpp/rclcpp/executor.hpp:37[m[K,
                 from [01m[K/opt/ros/humble/include/rclcpp/rclcpp/executors/multi_threaded_executor.hpp:25[m[K,
                 from [01m[K/opt/ros/humble/include/rclcpp/rclcpp/executors.hpp:21[m[K,
                 from [01m[K/opt/ros/humble/include/rclcpp/rclcpp/rclcpp.hpp:155[m[K,
                 from [01m[K/home/saleheen_linux/others/ros_2_Learning/ros2_ws_cpp/src/rover_cpp/src/obs_avoidance_cpp.cpp:4[m[K:
[01m[K/home/saleheen_linux/others/ros_2_Learning/ros2_ws_cpp/src/rover_cpp/src/obs_avoidance_cpp.cpp:[m[K In member function â€˜[01m[Kvoid ObsAvoidanceNode::sub_lidar_calllback(sensor_msgs::msg::LaserScan_<std::allocator<void> >::SharedPtr)[m[Kâ€™:
[01m[K/home/saleheen_linux/others/ros_2_Learning/ros2_ws_cpp/src/rover_cpp/src/obs_avoidance_cpp.cpp:38:60:[m[K [01;31m[Kerror: [m[Kâ€˜[01m[Kusing element_type = struct sensor_msgs::msg::LaserScan_<std::allocator<void> >[m[Kâ€™ {aka â€˜[01m[Kstruct sensor_msgs::msg::LaserScan_<std::allocator<void> >[m[Kâ€™} has no member named â€˜[01m[Ksection_size[m[Kâ€™
   38 |                                                 msg_lidar->[01;31m[Ksection_size[m[K, 2* section_size, section_size*3);
      |                                                            [01;31m[K^~~~~~~~~~~~[m[K
gmake[2]: *** [CMakeFiles/obs_avoidance_node.dir/build.make:76: CMakeFiles/obs_avoidance_node.dir/src/obs_avoidance_cpp.cpp.o] Error 1
gmake[1]: *** [CMakeFiles/Makefile2:167: CMakeFiles/obs_avoidance_node.dir/all] Error 2
gmake: *** [Makefile:146: all] Error 2
