[0.009s] Invoking command in '/home/saleheen_linux/others/ros_2_Learning/ros2_ws_cpp/build/rover_cpp': CMAKE_PREFIX_PATH=${CMAKE_PREFIX_PATH}:/home/saleheen_linux/others/ros_2_Learning/ros2_workspace/install/rover:/opt/ros/humble /usr/bin/cmake --build /home/saleheen_linux/others/ros_2_Learning/ros2_ws_cpp/build/rover_cpp -- -j16 -l16
[0.042s] [35m[1mConsolidate compiler generated dependencies of target obs_avoidance_node[0m
[0.050s] [ 33%] Built target follow_wall_node
[0.052s] [ 66%] Built target linear_velocity_publisher
[0.054s] [ 83%] [32mBuilding CXX object CMakeFiles/obs_avoidance_node.dir/src/obs_avoidance_cpp.cpp.o[0m
[1.732s] In file included from [01m[K/opt/ros/humble/include/rclcpp/rclcpp/logging.hpp:24[m[K,
[1.732s]                  from [01m[K/opt/ros/humble/include/rclcpp/rclcpp/client.hpp:40[m[K,
[1.732s]                  from [01m[K/opt/ros/humble/include/rclcpp/rclcpp/callback_group.hpp:24[m[K,
[1.732s]                  from [01m[K/opt/ros/humble/include/rclcpp/rclcpp/any_executable.hpp:20[m[K,
[1.732s]                  from [01m[K/opt/ros/humble/include/rclcpp/rclcpp/memory_strategy.hpp:25[m[K,
[1.732s]                  from [01m[K/opt/ros/humble/include/rclcpp/rclcpp/memory_strategies.hpp:18[m[K,
[1.732s]                  from [01m[K/opt/ros/humble/include/rclcpp/rclcpp/executor_options.hpp:20[m[K,
[1.732s]                  from [01m[K/opt/ros/humble/include/rclcpp/rclcpp/executor.hpp:37[m[K,
[1.732s]                  from [01m[K/opt/ros/humble/include/rclcpp/rclcpp/executors/multi_threaded_executor.hpp:25[m[K,
[1.732s]                  from [01m[K/opt/ros/humble/include/rclcpp/rclcpp/executors.hpp:21[m[K,
[1.732s]                  from [01m[K/opt/ros/humble/include/rclcpp/rclcpp/rclcpp.hpp:155[m[K,
[1.732s]                  from [01m[K/home/saleheen_linux/others/ros_2_Learning/ros2_ws_cpp/src/rover_cpp/src/obs_avoidance_cpp.cpp:4[m[K:
[1.732s] [01m[K/home/saleheen_linux/others/ros_2_Learning/ros2_ws_cpp/src/rover_cpp/src/obs_avoidance_cpp.cpp:[m[K In member function â€˜[01m[Kvoid ObsAvoidanceNode::sub_lidar_calllback(sensor_msgs::msg::LaserScan_<std::allocator<void> >::SharedPtr)[m[Kâ€™:
[1.732s] [01m[K/home/saleheen_linux/others/ros_2_Learning/ros2_ws_cpp/src/rover_cpp/src/obs_avoidance_cpp.cpp:38:60:[m[K [01;31m[Kerror: [m[Kâ€˜[01m[Kusing element_type = struct sensor_msgs::msg::LaserScan_<std::allocator<void> >[m[Kâ€™ {aka â€˜[01m[Kstruct sensor_msgs::msg::LaserScan_<std::allocator<void> >[m[Kâ€™} has no member named â€˜[01m[Ksection_size[m[Kâ€™
[1.732s]    38 |                                                 msg_lidar->[01;31m[Ksection_size[m[K, 2* section_size, section_size*3);
[1.732s]       |                                                            [01;31m[K^~~~~~~~~~~~[m[K
[3.533s] gmake[2]: *** [CMakeFiles/obs_avoidance_node.dir/build.make:76: CMakeFiles/obs_avoidance_node.dir/src/obs_avoidance_cpp.cpp.o] Error 1
[3.534s] gmake[1]: *** [CMakeFiles/Makefile2:167: CMakeFiles/obs_avoidance_node.dir/all] Error 2
[3.534s] gmake: *** [Makefile:146: all] Error 2
[3.536s] Invoked command in '/home/saleheen_linux/others/ros_2_Learning/ros2_ws_cpp/build/rover_cpp' returned '2': CMAKE_PREFIX_PATH=${CMAKE_PREFIX_PATH}:/home/saleheen_linux/others/ros_2_Learning/ros2_workspace/install/rover:/opt/ros/humble /usr/bin/cmake --build /home/saleheen_linux/others/ros_2_Learning/ros2_ws_cpp/build/rover_cpp -- -j16 -l16
