[01m[K/home/saleheen_linux/others/ros_2_Learning/ros2_ws_cpp/src/rover_cpp/src/linear_velocity_publisher.cpp:5:10:[m[K [01;31m[Kfatal error: [m[Ksensor_msgs/msg/laser_scan.hpp: No such file or directory
    5 | #include [01;31m[K"sensor_msgs/msg/laser_scan.hpp"[m[K
      |          [01;31m[K^~~~~~~~~~~~~~~~~~~~~~~~~~~~~~~~[m[K
compilation terminated.
gmake[2]: *** [CMakeFiles/linear_velocity_publisher.dir/build.make:76: CMakeFiles/linear_velocity_publisher.dir/src/linear_velocity_publisher.cpp.o] Error 1
gmake[1]: *** [CMakeFiles/Makefile2:141: CMakeFiles/linear_velocity_publisher.dir/all] Error 2
gmake: *** [Makefile:146: all] Error 2
