[01m[K/home/saleheen_linux/others/ros_2_Learning/ros2_ws_cpp/src/rover_cpp/src/follow_path_cpp.cpp:[m[K In member function â€˜[01m[Kvoid FollowPathNode::proportional_controller(float, std::string, float, float)[m[Kâ€™:
[01m[K/home/saleheen_linux/others/ros_2_Learning/ros2_ws_cpp/src/rover_cpp/src/follow_path_cpp.cpp:136:9:[m[K [01;31m[Kerror: [m[Kexpected primary-expression before â€˜[01m[Kif[m[Kâ€™
  136 |         [01;31m[Kif[m[K(side == "Right"){
      |         [01;31m[K^~[m[K
[01m[K/home/saleheen_linux/others/ros_2_Learning/ros2_ws_cpp/src/rover_cpp/src/follow_path_cpp.cpp:121:15:[m[K [01;35m[Kwarning: [m[Kunused variable â€˜[01m[Ksetpoint[m[Kâ€™ [[01;35m[K]8;;https://gcc.gnu.org/onlinedocs/gcc/Warning-Options.html#index-Wunused-variable-Wunused-variable]8;;[m[K]
  121 |         float [01;35m[Ksetpoint[m[K = 1.2f;
      |               [01;35m[K^~~~~~~~[m[K
[01m[K/home/saleheen_linux/others/ros_2_Learning/ros2_ws_cpp/src/rover_cpp/src/follow_path_cpp.cpp:116:40:[m[K [01;35m[Kwarning: [m[Kunused parameter â€˜[01m[Kwall_proximity[m[Kâ€™ [[01;35m[K]8;;https://gcc.gnu.org/onlinedocs/gcc/Warning-Options.html#index-Wunused-parameter-Wunused-parameter]8;;[m[K]
  116 |     void proportional_controller([01;35m[Kfloat wall_proximity[m[K, std::string side, float kp=1.0, float kd= 1.0){
      |                                  [01;35m[K~~~~~~^~~~~~~~~~~~~~[m[K
gmake[2]: *** [CMakeFiles/follow_path_node.dir/build.make:76: CMakeFiles/follow_path_node.dir/src/follow_path_cpp.cpp.o] Error 1
gmake[1]: *** [CMakeFiles/Makefile2:193: CMakeFiles/follow_path_node.dir/all] Error 2
gmake: *** [Makefile:146: all] Error 2
