[0.000000] (-) TimerEvent: {}
[0.000124] (-) JobUnselected: {'identifier': 'cpp_pubsub'}
[0.000145] (-) JobUnselected: {'identifier': 'px4_msgs'}
[0.000162] (-) JobUnselected: {'identifier': 'px4_ros_com'}
[0.000695] (-) JobUnselected: {'identifier': 'rover_cpp'}
[0.000740] (-) JobUnselected: {'identifier': 'warehouse_rover_py'}
[0.000759] (warehouse_rover_ros2) JobQueued: {'identifier': 'warehouse_rover_ros2', 'dependencies': OrderedDict()}
[0.000777] (warehouse_rover_ros2) JobStarted: {'identifier': 'warehouse_rover_ros2'}
[0.009545] (warehouse_rover_ros2) JobProgress: {'identifier': 'warehouse_rover_ros2', 'progress': 'cmake'}
[0.010251] (warehouse_rover_ros2) JobProgress: {'identifier': 'warehouse_rover_ros2', 'progress': 'build'}
[0.010735] (warehouse_rover_ros2) Command: {'cmd': ['/usr/bin/cmake', '--build', '/home/saleheen_linux/others/ros_2_Learning/ros2_ws_cpp/build/warehouse_rover_ros2', '--', '-j16', '-l16'], 'cwd': '/home/saleheen_linux/others/ros_2_Learning/ros2_ws_cpp/build/warehouse_rover_ros2', 'env': OrderedDict([('LESSOPEN', '| /usr/bin/lesspipe %s'), ('USER', 'saleheen_linux'), ('LC_TIME', 'nb_NO.UTF-8'), ('XDG_SESSION_TYPE', 'x11'), ('SHLVL', '1'), ('LD_LIBRARY_PATH', '/home/saleheen_linux/others/ros_2_Learning/ros2_ws_cpp/install/px4_ros_com/lib:/home/saleheen_linux/others/ros_2_Learning/ros2_ws_cpp/install/px4_msgs/lib:/usr/lib/x86_64-linux-gnu/gazebo-11/plugins:/opt/ros/humble/opt/rviz_ogre_vendor/lib:/opt/ros/humble/lib/x86_64-linux-gnu:/opt/ros/humble/lib::/usr/lib/x86_64-linux-gnu/gazebo-11:/home/saleheen_linux/PX4-Autopilot/build/px4_sitl_default/build_gazebo-classic'), ('HOME', '/home/saleheen_linux'), ('OLDPWD', '/home/saleheen_linux/others/ros_2_Learning/ros2_ws_cpp/src'), ('DESKTOP_SESSION', 'ubuntu'), ('NVM_BIN', '/home/saleheen_linux/.nvm/versions/node/v22.8.0/bin'), ('NVM_INC', '/home/saleheen_linux/.nvm/versions/node/v22.8.0/include/node'), ('ROS_PYTHON_VERSION', '3'), ('GNOME_SHELL_SESSION_MODE', 'ubuntu'), ('GTK_MODULES', 'gail:atk-bridge'), ('LC_MONETARY', 'nb_NO.UTF-8'), ('DBUS_STARTER_BUS_TYPE', 'session'), ('SYSTEMD_EXEC_PID', '2809'), ('DBUS_SESSION_BUS_ADDRESS', 'unix:path=/run/user/1000/bus,guid=93a22dc4cd73bab6d5e1e79c6735cf9b'), ('COLORTERM', 'truecolor'), ('NVM_DIR', '/home/saleheen_linux/.nvm'), ('COLCON_PREFIX_PATH', '/home/saleheen_linux/others/ros_2_Learning/ros2_ws_cpp/install:/home/saleheen_linux/others/ros_2_Learning/ros2_workspace/install'), ('ROS_DISTRO', 'humble'), ('GTK_IM_MODULE', 'ibus'), ('LOGNAME', 'saleheen_linux'), ('_', '/usr/bin/colcon'), ('ROS_VERSION', '2'), ('XDG_SESSION_CLASS', 'user'), ('USERNAME', 'saleheen_linux'), ('TERM', 'xterm-256color'), ('GAZEBO_MODEL_PATH', ':home/saleheen_linux/others/gazebo_models:/home/saleheen_linux/others/ros_2_Learning/ros2_ws_cpp/src:/home/saleheen_linux/PX4-Autopilot/Tools/simulation/gazebo-classic/sitl_gazebo-classic/models'), ('GNOME_DESKTOP_SESSION_ID', 'this-is-deprecated'), ('ROS_LOCALHOST_ONLY', '0'), ('WINDOWPATH', '2'), ('PATH', '/opt/ros/humble/bin:/home/saleheen_linux/.nvm/versions/node/v22.8.0/bin:/opt/gcc-arm-none-eabi-9-2020-q2-update/bin:/home/saleheen_linux/.local/bin:/usr/local/sbin:/usr/local/bin:/usr/sbin:/usr/bin:/sbin:/bin:/usr/games:/usr/local/games:/snap/bin:/snap/bin:/home/saleheen_linux/.local/share/JetBrains/Toolbox/scripts'), ('SESSION_MANAGER', 'local/saleheen-ROG-Linux:@/tmp/.ICE-unix/2809,unix/saleheen-ROG-Linux:/tmp/.ICE-unix/2809'), ('XDG_MENU_PREFIX', 'gnome-'), ('LC_ADDRESS', 'nb_NO.UTF-8'), ('GNOME_TERMINAL_SCREEN', '/org/gnome/Terminal/screen/8699b055_a4aa_44db_b624_9b5af979e23f'), ('XDG_RUNTIME_DIR', '/run/user/1000'), ('DISPLAY', ':1'), ('LANG', 'en_US.UTF-8'), ('XDG_CURRENT_DESKTOP', 'ubuntu:GNOME'), ('PX4_PATH', '/home/saleheen_linux/PX4-Autopilot'), ('LC_TELEPHONE', 'nb_NO.UTF-8'), ('XMODIFIERS', '@im=ibus'), ('XDG_SESSION_DESKTOP', 'ubuntu'), ('XAUTHORITY', '/run/user/1000/gdm/Xauthority'), ('LS_COLORS', 'rs=0:di=01;34:ln=01;36:mh=00:pi=40;33:so=01;35:do=01;35:bd=40;33;01:cd=40;33;01:or=40;31;01:mi=00:su=37;41:sg=30;43:ca=30;41:tw=30;42:ow=34;42:st=37;44:ex=01;32:*.tar=01;31:*.tgz=01;31:*.arc=01;31:*.arj=01;31:*.taz=01;31:*.lha=01;31:*.lz4=01;31:*.lzh=01;31:*.lzma=01;31:*.tlz=01;31:*.txz=01;31:*.tzo=01;31:*.t7z=01;31:*.zip=01;31:*.z=01;31:*.dz=01;31:*.gz=01;31:*.lrz=01;31:*.lz=01;31:*.lzo=01;31:*.xz=01;31:*.zst=01;31:*.tzst=01;31:*.bz2=01;31:*.bz=01;31:*.tbz=01;31:*.tbz2=01;31:*.tz=01;31:*.deb=01;31:*.rpm=01;31:*.jar=01;31:*.war=01;31:*.ear=01;31:*.sar=01;31:*.rar=01;31:*.alz=01;31:*.ace=01;31:*.zoo=01;31:*.cpio=01;31:*.7z=01;31:*.rz=01;31:*.cab=01;31:*.wim=01;31:*.swm=01;31:*.dwm=01;31:*.esd=01;31:*.jpg=01;35:*.jpeg=01;35:*.mjpg=01;35:*.mjpeg=01;35:*.gif=01;35:*.bmp=01;35:*.pbm=01;35:*.pgm=01;35:*.ppm=01;35:*.tga=01;35:*.xbm=01;35:*.xpm=01;35:*.tif=01;35:*.tiff=01;35:*.png=01;35:*.svg=01;35:*.svgz=01;35:*.mng=01;35:*.pcx=01;35:*.mov=01;35:*.mpg=01;35:*.mpeg=01;35:*.m2v=01;35:*.mkv=01;35:*.webm=01;35:*.webp=01;35:*.ogm=01;35:*.mp4=01;35:*.m4v=01;35:*.mp4v=01;35:*.vob=01;35:*.qt=01;35:*.nuv=01;35:*.wmv=01;35:*.asf=01;35:*.rm=01;35:*.rmvb=01;35:*.flc=01;35:*.avi=01;35:*.fli=01;35:*.flv=01;35:*.gl=01;35:*.dl=01;35:*.xcf=01;35:*.xwd=01;35:*.yuv=01;35:*.cgm=01;35:*.emf=01;35:*.ogv=01;35:*.ogx=01;35:*.aac=00;36:*.au=00;36:*.flac=00;36:*.m4a=00;36:*.mid=00;36:*.midi=00;36:*.mka=00;36:*.mp3=00;36:*.mpc=00;36:*.ogg=00;36:*.ra=00;36:*.wav=00;36:*.oga=00;36:*.opus=00;36:*.spx=00;36:*.xspf=00;36:'), ('GNOME_TERMINAL_SERVICE', ':1.182'), ('SSH_AGENT_LAUNCHER', 'gnome-keyring'), ('SSH_AUTH_SOCK', '/run/user/1000/keyring/ssh'), ('AMENT_PREFIX_PATH', '/home/saleheen_linux/others/ros_2_Learning/ros2_workspace/install/rover:/home/saleheen_linux/others/ros_2_Learning/ros2_workspace/install/prius_line_following:/home/saleheen_linux/others/ros_2_Learning/ros2_ws_cpp/install/warehouse_rover_ros2:/home/saleheen_linux/others/ros_2_Learning/ros2_ws_cpp/install/rover_cpp:/home/saleheen_linux/others/ros_2_Learning/ros2_ws_cpp/install/px4_ros_com:/home/saleheen_linux/others/ros_2_Learning/ros2_ws_cpp/install/px4_msgs:/home/saleheen_linux/others/ros_2_Learning/ros2_ws_cpp/install/cpp_pubsub:/opt/ros/humble'), ('SHELL', '/bin/bash'), ('LC_NAME', 'nb_NO.UTF-8'), ('QT_ACCESSIBILITY', '1'), ('GDMSESSION', 'ubuntu'), ('LESSCLOSE', '/usr/bin/lesspipe %s %s'), ('LC_MEASUREMENT', 'nb_NO.UTF-8'), ('GPG_AGENT_INFO', '/run/user/1000/gnupg/S.gpg-agent:0:1'), ('GAZEBO_RESOURCE_PATH', ':/usr/share/gazebo-11'), ('LC_IDENTIFICATION', 'nb_NO.UTF-8'), ('QT_IM_MODULE', 'ibus'), ('JAVA_HOME', '/usr/lib/jvm/java-17-openjdk-amd64'), ('PWD', '/home/saleheen_linux/others/ros_2_Learning/ros2_ws_cpp/build/warehouse_rover_ros2'), ('LC_ALL', 'en_US.UTF-8'), ('XDG_CONFIG_DIRS', '/etc/xdg/xdg-ubuntu:/etc/xdg'), ('GAZEBO_PLUGIN_PATH', ':/usr/lib/x86_64-linux-gnu/gazebo-11/plugins:/home/saleheen_linux/PX4-Autopilot/build/px4_sitl_default/build_gazebo-classic'), ('NVM_CD_FLAGS', ''), ('DBUS_STARTER_ADDRESS', 'unix:path=/run/user/1000/bus,guid=93a22dc4cd73bab6d5e1e79c6735cf9b'), ('XDG_DATA_DIRS', '/usr/share/ubuntu:/usr/share/gnome:/usr/local/share/:/usr/share/:/var/lib/snapd/desktop'), ('PYTHONPATH', '/home/saleheen_linux/others/ros_2_Learning/ros2_workspace/install/rover/lib/python3.10/site-packages:/home/saleheen_linux/others/ros_2_Learning/ros2_workspace/install/prius_line_following/lib/python3.10/site-packages:/home/saleheen_linux/others/ros_2_Learning/ros2_ws_cpp/install/px4_ros_com/local/lib/python3.10/dist-packages:/home/saleheen_linux/others/ros_2_Learning/ros2_ws_cpp/install/px4_msgs/local/lib/python3.10/dist-packages:/opt/ros/humble/lib/python3.10/site-packages:/opt/ros/humble/local/lib/python3.10/dist-packages'), ('LC_NUMERIC', 'nb_NO.UTF-8'), ('LC_PAPER', 'nb_NO.UTF-8'), ('COLCON', '1'), ('VTE_VERSION', '6800'), ('CMAKE_PREFIX_PATH', '/home/saleheen_linux/others/ros_2_Learning/ros2_ws_cpp/install/warehouse_rover_ros2:/home/saleheen_linux/others/ros_2_Learning/ros2_ws_cpp/install/rover_cpp:/home/saleheen_linux/others/ros_2_Learning/ros2_ws_cpp/install/px4_ros_com:/home/saleheen_linux/others/ros_2_Learning/ros2_ws_cpp/install/px4_msgs:/home/saleheen_linux/others/ros_2_Learning/ros2_ws_cpp/install/cpp_pubsub:/home/saleheen_linux/others/ros_2_Learning/ros2_workspace/install/rover:/home/saleheen_linux/others/ros_2_Learning/ros2_workspace/install/prius_line_following:/opt/ros/humble')]), 'shell': False}
[0.046775] (warehouse_rover_ros2) StdoutLine: {'line': b'-- Found ament_cmake: 1.3.10 (/opt/ros/humble/share/ament_cmake/cmake)\n'}
[0.099829] (-) TimerEvent: {}
[0.149105] (warehouse_rover_ros2) StdoutLine: {'line': b'-- Found cv_bridge: 3.2.1 (/opt/ros/humble/share/cv_bridge/cmake)\n'}
[0.178566] (warehouse_rover_ros2) StdoutLine: {'line': b'-- Found rosidl_generator_c: 3.1.5 (/opt/ros/humble/share/rosidl_generator_c/cmake)\n'}
[0.182276] (warehouse_rover_ros2) StdoutLine: {'line': b'-- Found rosidl_adapter: 3.1.5 (/opt/ros/humble/share/rosidl_adapter/cmake)\n'}
[0.188516] (warehouse_rover_ros2) StdoutLine: {'line': b'-- Found rosidl_generator_cpp: 3.1.5 (/opt/ros/humble/share/rosidl_generator_cpp/cmake)\n'}
[0.197658] (warehouse_rover_ros2) StdoutLine: {'line': b'-- Using all available rosidl_typesupport_c: rosidl_typesupport_fastrtps_c;rosidl_typesupport_introspection_c\n'}
[0.199903] (-) TimerEvent: {}
[0.208901] (warehouse_rover_ros2) StdoutLine: {'line': b'-- Using all available rosidl_typesupport_cpp: rosidl_typesupport_fastrtps_cpp;rosidl_typesupport_introspection_cpp\n'}
[0.258545] (warehouse_rover_ros2) StdoutLine: {'line': b'-- Found rclcpp: 16.0.10 (/opt/ros/humble/share/rclcpp/cmake)\n'}
[0.283915] (warehouse_rover_ros2) StdoutLine: {'line': b'-- Found rmw_implementation_cmake: 6.1.2 (/opt/ros/humble/share/rmw_implementation_cmake/cmake)\n'}
[0.285773] (warehouse_rover_ros2) StdoutLine: {'line': b'-- Found rmw_fastrtps_cpp: 6.2.7 (/opt/ros/humble/share/rmw_fastrtps_cpp/cmake)\n'}
[0.299990] (-) TimerEvent: {}
[0.383652] (warehouse_rover_ros2) StdoutLine: {'line': b"-- Using RMW implementation 'rmw_fastrtps_cpp' as default\n"}
[0.400088] (-) TimerEvent: {}
[0.417472] (warehouse_rover_ros2) StdoutLine: {'line': b'-- Found nav_msgs: 4.2.4 (/opt/ros/humble/share/nav_msgs/cmake)\n'}
[0.431172] (warehouse_rover_ros2) StdoutLine: {'line': b'-- Found ament_lint_auto: 0.12.11 (/opt/ros/humble/share/ament_lint_auto/cmake)\n'}
[0.496410] (warehouse_rover_ros2) StdoutLine: {'line': b"-- Added test 'cppcheck' to perform static code analysis on C / C++ code\n"}
[0.496631] (warehouse_rover_ros2) StdoutLine: {'line': b'-- Configured cppcheck include dirs: /home/saleheen_linux/others/ros_2_Learning/ros2_ws_cpp/src/warehouse_rover_ros2/include\n'}
[0.496690] (warehouse_rover_ros2) StdoutLine: {'line': b'-- Configured cppcheck exclude dirs and/or files: \n'}
[0.497450] (warehouse_rover_ros2) StdoutLine: {'line': b"-- Added test 'flake8' to check Python code syntax and style conventions\n"}
[0.498840] (warehouse_rover_ros2) StdoutLine: {'line': b"-- Added test 'lint_cmake' to check CMake code style\n"}
[0.499737] (warehouse_rover_ros2) StdoutLine: {'line': b"-- Added test 'pep257' to check Python code against some of the docstring style conventions in PEP 257\n"}
[0.500164] (-) TimerEvent: {}
[0.504582] (warehouse_rover_ros2) StdoutLine: {'line': b"-- Added test 'uncrustify' to check C / C++ code style\n"}
[0.504666] (warehouse_rover_ros2) StdoutLine: {'line': b'-- Configured uncrustify additional arguments: \n'}
[0.505369] (warehouse_rover_ros2) StdoutLine: {'line': b"-- Added test 'xmllint' to check XML markup files\n"}
[0.506446] (warehouse_rover_ros2) StdoutLine: {'line': b'-- Configuring done\n'}
[0.522776] (warehouse_rover_ros2) StdoutLine: {'line': b'-- Generating done\n'}
[0.524329] (warehouse_rover_ros2) StdoutLine: {'line': b'-- Build files have been written to: /home/saleheen_linux/others/ros_2_Learning/ros2_ws_cpp/build/warehouse_rover_ros2\n'}
[0.549545] (warehouse_rover_ros2) StdoutLine: {'line': b'\x1b[35m\x1b[1mConsolidate compiler generated dependencies of target autonomous_driving_node\x1b[0m\n'}
[0.550105] (warehouse_rover_ros2) StdoutLine: {'line': b'\x1b[35m\x1b[1mConsolidate compiler generated dependencies of target video_save_node\x1b[0m\n'}
[0.559910] (warehouse_rover_ros2) StdoutLine: {'line': b'[ 25%] \x1b[32mBuilding CXX object CMakeFiles/autonomous_driving_node.dir/src/autonomous_driving.cpp.o\x1b[0m\n'}
[0.566195] (warehouse_rover_ros2) StdoutLine: {'line': b'[ 50%] \x1b[32mBuilding CXX object CMakeFiles/video_save_node.dir/src/video_save.cpp.o\x1b[0m\n'}
[0.600281] (-) TimerEvent: {}
[0.700555] (-) TimerEvent: {}
[0.800819] (-) TimerEvent: {}
[0.901106] (-) TimerEvent: {}
[1.001390] (-) TimerEvent: {}
[1.101694] (-) TimerEvent: {}
[1.201995] (-) TimerEvent: {}
[1.302281] (-) TimerEvent: {}
[1.402556] (-) TimerEvent: {}
[1.502834] (-) TimerEvent: {}
[1.603095] (-) TimerEvent: {}
[1.703363] (-) TimerEvent: {}
[1.803633] (-) TimerEvent: {}
[1.903902] (-) TimerEvent: {}
[2.004177] (-) TimerEvent: {}
[2.104462] (-) TimerEvent: {}
[2.204726] (-) TimerEvent: {}
[2.305007] (-) TimerEvent: {}
[2.405318] (-) TimerEvent: {}
[2.505583] (-) TimerEvent: {}
[2.605880] (-) TimerEvent: {}
[2.706138] (-) TimerEvent: {}
[2.806423] (-) TimerEvent: {}
[2.906711] (-) TimerEvent: {}
[3.006968] (-) TimerEvent: {}
[3.107221] (-) TimerEvent: {}
[3.207491] (-) TimerEvent: {}
[3.307756] (-) TimerEvent: {}
[3.408032] (-) TimerEvent: {}
[3.508303] (-) TimerEvent: {}
[3.608553] (-) TimerEvent: {}
[3.708821] (-) TimerEvent: {}
[3.809109] (-) TimerEvent: {}
[3.909367] (-) TimerEvent: {}
[4.009629] (-) TimerEvent: {}
[4.109889] (-) TimerEvent: {}
[4.210131] (-) TimerEvent: {}
[4.310409] (-) TimerEvent: {}
[4.410684] (-) TimerEvent: {}
[4.510960] (-) TimerEvent: {}
[4.611216] (-) TimerEvent: {}
[4.711482] (-) TimerEvent: {}
[4.811753] (-) TimerEvent: {}
[4.912026] (-) TimerEvent: {}
[5.012297] (-) TimerEvent: {}
[5.112565] (-) TimerEvent: {}
[5.212829] (-) TimerEvent: {}
[5.313082] (-) TimerEvent: {}
[5.413349] (-) TimerEvent: {}
[5.513618] (-) TimerEvent: {}
[5.613881] (-) TimerEvent: {}
[5.714141] (-) TimerEvent: {}
[5.814412] (-) TimerEvent: {}
[5.914674] (-) TimerEvent: {}
[6.014940] (-) TimerEvent: {}
[6.115196] (-) TimerEvent: {}
[6.215471] (-) TimerEvent: {}
[6.315736] (-) TimerEvent: {}
[6.416004] (-) TimerEvent: {}
[6.516273] (-) TimerEvent: {}
[6.520382] (warehouse_rover_ros2) StderrLine: {'line': b'\x1b[01m\x1b[K/home/saleheen_linux/others/ros_2_Learning/ros2_ws_cpp/src/warehouse_rover_ros2/src/autonomous_driving.cpp:42:6:\x1b[m\x1b[K \x1b[01;31m\x1b[Kerror: \x1b[m\x1b[Kexpected \xe2\x80\x98\x1b[01m\x1b[K;\x1b[m\x1b[K\xe2\x80\x99 after class definition\n'}
[6.520555] (warehouse_rover_ros2) StderrLine: {'line': b'   42 |     }\n'}
[6.520617] (warehouse_rover_ros2) StderrLine: {'line': b'      |      \x1b[01;31m\x1b[K^\x1b[m\x1b[K\n'}
[6.520673] (warehouse_rover_ros2) StderrLine: {'line': b'      |      \x1b[32m\x1b[K;\x1b[m\x1b[K\n'}
[6.533917] (warehouse_rover_ros2) StderrLine: {'line': b'\x1b[01m\x1b[K/home/saleheen_linux/others/ros_2_Learning/ros2_ws_cpp/src/warehouse_rover_ros2/src/autonomous_driving.cpp:\x1b[m\x1b[K In constructor \xe2\x80\x98\x1b[01m\x1b[KAutonmousDrivingNode::AutonmousDrivingNode()\x1b[m\x1b[K\xe2\x80\x99:\n'}
[6.534107] (warehouse_rover_ros2) StderrLine: {'line': b'\x1b[01m\x1b[K/home/saleheen_linux/others/ros_2_Learning/ros2_ws_cpp/src/warehouse_rover_ros2/src/autonomous_driving.cpp:33:9:\x1b[m\x1b[K \x1b[01;31m\x1b[Kerror: \x1b[m\x1b[K\xe2\x80\x98\x1b[01m\x1b[Kvid_subscriber\x1b[m\x1b[K\xe2\x80\x99 was not declared in this scope; did you mean \xe2\x80\x98\x1b[01m\x1b[Kcount_subscribers\x1b[m\x1b[K\xe2\x80\x99?\n'}
[6.534171] (warehouse_rover_ros2) StderrLine: {'line': b'   33 |         \x1b[01;31m\x1b[Kvid_subscriber\x1b[m\x1b[K = this->create_subscription<sensor_msgs::msg::Image>("/camera_scan_fwd/image_raw",20,\n'}
[6.534224] (warehouse_rover_ros2) StderrLine: {'line': b'      |         \x1b[01;31m\x1b[K^~~~~~~~~~~~~~\x1b[m\x1b[K\n'}
[6.534415] (warehouse_rover_ros2) StderrLine: {'line': b'      |         \x1b[32m\x1b[Kcount_subscribers\x1b[m\x1b[K\n'}
[6.534535] (warehouse_rover_ros2) StderrLine: {'line': b'\x1b[01m\x1b[K/home/saleheen_linux/others/ros_2_Learning/ros2_ws_cpp/src/warehouse_rover_ros2/src/autonomous_driving.cpp:34:46:\x1b[m\x1b[K \x1b[01;31m\x1b[Kerror: \x1b[m\x1b[K\xe2\x80\x98\x1b[01m\x1b[Kimage_process_callback\x1b[m\x1b[K\xe2\x80\x99 is not a member of \xe2\x80\x98\x1b[01m\x1b[KAutonmousDrivingNode\x1b[m\x1b[K\xe2\x80\x99\n'}
[6.534627] (warehouse_rover_ros2) StderrLine: {'line': b'   34 |             std::bind(&AutonmousDrivingNode::\x1b[01;31m\x1b[Kimage_process_callback\x1b[m\x1b[K, this, std::placeholders::_1));\n'}
[6.534681] (warehouse_rover_ros2) StderrLine: {'line': b'      |                                              \x1b[01;31m\x1b[K^~~~~~~~~~~~~~~~~~~~~~\x1b[m\x1b[K\n'}
[6.534729] (warehouse_rover_ros2) StderrLine: {'line': b'\x1b[01m\x1b[K/home/saleheen_linux/others/ros_2_Learning/ros2_ws_cpp/src/warehouse_rover_ros2/src/autonomous_driving.cpp:22:16:\x1b[m\x1b[K \x1b[01;35m\x1b[Kwarning: \x1b[m\x1b[Kunused variable \xe2\x80\x98\x1b[01m\x1b[Kfps\x1b[m\x1b[K\xe2\x80\x99 [\x1b[01;35m\x1b[K\x1b]8;;https://gcc.gnu.org/onlinedocs/gcc/Warning-Options.html#index-Wunused-variable\x07-Wunused-variable\x1b]8;;\x07\x1b[m\x1b[K]\n'}
[6.534777] (warehouse_rover_ros2) StderrLine: {'line': b'   22 |         double \x1b[01;35m\x1b[Kfps\x1b[m\x1b[K = 40.0;\n'}
[6.534821] (warehouse_rover_ros2) StderrLine: {'line': b'      |                \x1b[01;35m\x1b[K^~~\x1b[m\x1b[K\n'}
[6.534867] (warehouse_rover_ros2) StderrLine: {'line': b'\x1b[01m\x1b[K/home/saleheen_linux/others/ros_2_Learning/ros2_ws_cpp/src/warehouse_rover_ros2/src/autonomous_driving.cpp:23:16:\x1b[m\x1b[K \x1b[01;35m\x1b[Kwarning: \x1b[m\x1b[Kunused variable \xe2\x80\x98\x1b[01m\x1b[Kmid_pt_error\x1b[m\x1b[K\xe2\x80\x99 [\x1b[01;35m\x1b[K\x1b]8;;https://gcc.gnu.org/onlinedocs/gcc/Warning-Options.html#index-Wunused-variable\x07-Wunused-variable\x1b]8;;\x07\x1b[m\x1b[K]\n'}
[6.534920] (warehouse_rover_ros2) StderrLine: {'line': b'   23 |         double \x1b[01;35m\x1b[Kmid_pt_error\x1b[m\x1b[K = 0.0;\n'}
[6.534964] (warehouse_rover_ros2) StderrLine: {'line': b'      |                \x1b[01;35m\x1b[K^~~~~~~~~~~~\x1b[m\x1b[K\n'}
[6.535007] (warehouse_rover_ros2) StderrLine: {'line': b'\x1b[01m\x1b[K/home/saleheen_linux/others/ros_2_Learning/ros2_ws_cpp/src/warehouse_rover_ros2/src/autonomous_driving.cpp:\x1b[m\x1b[K At global scope:\n'}
[6.535048] (warehouse_rover_ros2) StderrLine: {'line': b'\x1b[01m\x1b[K/home/saleheen_linux/others/ros_2_Learning/ros2_ws_cpp/src/warehouse_rover_ros2/src/autonomous_driving.cpp:44:1:\x1b[m\x1b[K \x1b[01;31m\x1b[Kerror: \x1b[m\x1b[Kexpected unqualified-id before \xe2\x80\x98\x1b[01m\x1b[Kprivate\x1b[m\x1b[K\xe2\x80\x99\n'}
[6.535090] (warehouse_rover_ros2) StderrLine: {'line': b'   44 | \x1b[01;31m\x1b[Kprivate\x1b[m\x1b[K:\n'}
[6.535129] (warehouse_rover_ros2) StderrLine: {'line': b'      | \x1b[01;31m\x1b[K^~~~~~~\x1b[m\x1b[K\n'}
[6.563933] (warehouse_rover_ros2) StderrLine: {'line': b'\x1b[01m\x1b[K/home/saleheen_linux/others/ros_2_Learning/ros2_ws_cpp/src/warehouse_rover_ros2/src/autonomous_driving.cpp:73:1:\x1b[m\x1b[K \x1b[01;31m\x1b[Kerror: \x1b[m\x1b[Kexpected declaration before \xe2\x80\x98\x1b[01m\x1b[K}\x1b[m\x1b[K\xe2\x80\x99 token\n'}
[6.564094] (warehouse_rover_ros2) StderrLine: {'line': b'   73 | \x1b[01;31m\x1b[K}\x1b[m\x1b[K;\n'}
[6.564151] (warehouse_rover_ros2) StderrLine: {'line': b'      | \x1b[01;31m\x1b[K^\x1b[m\x1b[K\n'}
[6.616373] (-) TimerEvent: {}
[6.716599] (-) TimerEvent: {}
[6.817021] (-) TimerEvent: {}
[6.917274] (-) TimerEvent: {}
[7.017535] (-) TimerEvent: {}
[7.117794] (-) TimerEvent: {}
[7.218050] (-) TimerEvent: {}
[7.318311] (-) TimerEvent: {}
[7.418587] (-) TimerEvent: {}
[7.518858] (-) TimerEvent: {}
[7.619125] (-) TimerEvent: {}
[7.635361] (warehouse_rover_ros2) StdoutLine: {'line': b'[ 75%] \x1b[32m\x1b[1mLinking CXX executable video_save_node\x1b[0m\n'}
[7.719219] (-) TimerEvent: {}
[7.819509] (-) TimerEvent: {}
[7.919806] (-) TimerEvent: {}
[8.020103] (-) TimerEvent: {}
[8.032437] (warehouse_rover_ros2) StderrLine: {'line': b'gmake[2]: *** [CMakeFiles/autonomous_driving_node.dir/build.make:76: CMakeFiles/autonomous_driving_node.dir/src/autonomous_driving.cpp.o] Error 1\n'}
[8.032677] (warehouse_rover_ros2) StderrLine: {'line': b'gmake[1]: *** [CMakeFiles/Makefile2:165: CMakeFiles/autonomous_driving_node.dir/all] Error 2\n'}
[8.032762] (warehouse_rover_ros2) StderrLine: {'line': b'gmake[1]: *** Waiting for unfinished jobs....\n'}
[8.120193] (-) TimerEvent: {}
[8.220466] (-) TimerEvent: {}
[8.291060] (warehouse_rover_ros2) StdoutLine: {'line': b'[ 75%] Built target video_save_node\n'}
[8.292108] (warehouse_rover_ros2) StderrLine: {'line': b'gmake: *** [Makefile:146: all] Error 2\n'}
[8.294136] (warehouse_rover_ros2) CommandEnded: {'returncode': 2}
[8.320596] (-) TimerEvent: {}
[8.341291] (warehouse_rover_ros2) JobEnded: {'identifier': 'warehouse_rover_ros2', 'rc': 2}
[8.351668] (-) EventReactorShutdown: {}
